# JRE version: Java(TM) SE Runtime Environment (21.0.7+8) (build 21.0.7+8-LTS-245)
# Java VM: Java HotSpot(TM) 64-Bit Server VM (21.0.7+8-LTS-245, mixed mode, sharing, tiered, compressed oops, compressed class ptrs, g1 gc, windows-amd64)
GC Precious Log:
 CardTable entry size: 512
 Card Set container configuration: InlinePtr #cards 5 size 8 Array Of Cards #cards 12 size 40 Howl #buckets 4 coarsen threshold 1843 Howl Bitmap #cards 512 size 80 coarsen threshold 460 Card regions per heap region 1 cards per card region 2048
 CPUs: 8 total, 8 available
 Memory: 7566M
 Large Page Support: Disabled
 NUMA Support: Disabled
 Compressed Oops: Enabled (32-bit)
 Heap Region Size: 1M
 Heap Min Capacity: 256M
 Heap Initial Capacity: 256M
 Heap Max Capacity: 512M
 Pre-touch: Disabled
 Parallel Workers: 8
 Concurrent Workers: 2
 Concurrent Refinement Workers: 8
 Periodic GC: Disabled
Heap:
 garbage-first heap   total 262144K, used 54618K [0x00000000e0000000, 0x0000000100000000)
  region size 1024K, 15 young (15360K), 8 survivors (8192K)
 Metaspace       used 60029K, committed 61952K, reserved 393216K
  class space    used 8338K, committed 9280K, reserved 327680K
GC Heap History (20 events):
Event: 0.351 GC heap before
{Heap before GC invocations=0 (full 0):
 garbage-first heap   total 262144K, used 22528K [0x00000000e0000000, 0x0000000100000000)
  region size 1024K, 23 young (23552K), 0 survivors (0K)
 Metaspace       used 1053K, committed 1152K, reserved 393216K
  class space    used 77K, committed 128K, reserved 327680K
}
Event: 0.354 GC heap after
{Heap after GC invocations=1 (full 0):
 garbage-first heap   total 262144K, used 2005K [0x00000000e0000000, 0x0000000100000000)
  region size 1024K, 2 young (2048K), 2 survivors (2048K)
 Metaspace       used 1053K, committed 1152K, reserved 393216K
  class space    used 77K, committed 128K, reserved 327680K
}
Event: 0.942 GC heap before
{Heap before GC invocations=1 (full 0):
 garbage-first heap   total 262144K, used 40917K [0x00000000e0000000, 0x0000000100000000)
  region size 1024K, 38 young (38912K), 2 survivors (2048K)
 Metaspace       used 4393K, committed 4608K, reserved 393216K
  class space    used 541K, committed 640K, reserved 327680K
}
Event: 0.947 GC heap after
{Heap after GC invocations=2 (full 0):
 garbage-first heap   total 262144K, used 11132K [0x00000000e0000000, 0x0000000100000000)
  region size 1024K, 5 young (5120K), 5 survivors (5120K)
 Metaspace       used 4393K, committed 4608K, reserved 393216K
  class space    used 541K, committed 640K, reserved 327680K
}
Event: 1.570 GC heap before
{Heap before GC invocations=2 (full 0):
 garbage-first heap   total 262144K, used 65404K [0x00000000e0000000, 0x0000000100000000)
  region size 1024K, 56 young (57344K), 5 survivors (5120K)
 Metaspace       used 5975K, committed 6208K, reserved 393216K
  class space    used 775K, committed 896K, reserved 327680K
}
Event: 1.575 GC heap after
{Heap after GC invocations=3 (full 0):
 garbage-first heap   total 262144K, used 17813K [0x00000000e0000000, 0x0000000100000000)
  region size 1024K, 6 young (6144K), 6 survivors (6144K)
 Metaspace       used 5975K, committed 6208K, reserved 393216K
  class space    used 775K, committed 896K, reserved 327680K
}
Event: 3.479 GC heap before
{Heap before GC invocations=3 (full 0):
 garbage-first heap   total 262144K, used 102805K [0x00000000e0000000, 0x0000000100000000)
  region size 1024K, 90 young (92160K), 6 survivors (6144K)
 Metaspace       used 20826K, committed 21504K, reserved 393216K
  class space    used 2975K, committed 3328K, reserved 327680K
}
Event: 3.490 GC heap after
{Heap after GC invocations=4 (full 0):
 garbage-first heap   total 262144K, used 23919K [0x00000000e0000000, 0x0000000100000000)
  region size 1024K, 12 young (12288K), 12 survivors (12288K)
 Metaspace       used 20826K, committed 21504K, reserved 393216K
  class space    used 2975K, committed 3328K, reserved 327680K
}
Event: 6.174 GC heap before
{Heap before GC invocations=5 (full 0):
 garbage-first heap   total 262144K, used 119151K [0x00000000e0000000, 0x0000000100000000)
  region size 1024K, 107 young (109568K), 12 survivors (12288K)
 Metaspace       used 34897K, committed 35968K, reserved 393216K
  class space    used 4908K, committed 5440K, reserved 327680K
}
Event: 6.188 GC heap after
{Heap after GC invocations=6 (full 0):
 garbage-first heap   total 262144K, used 32648K [0x00000000e0000000, 0x0000000100000000)
  region size 1024K, 15 young (15360K), 15 survivors (15360K)
 Metaspace       used 34897K, committed 35968K, reserved 393216K
  class space    used 4908K, committed 5440K, reserved 327680K
}
Event: 6.206 GC heap before
{Heap before GC invocations=6 (full 0):
 garbage-first heap   total 262144K, used 33672K [0x00000000e0000000, 0x0000000100000000)
  region size 1024K, 17 young (17408K), 15 survivors (15360K)
 Metaspace       used 35232K, committed 36288K, reserved 393216K
  class space    used 4924K, committed 5440K, reserved 327680K
}
Event: 6.215 GC heap after
{Heap after GC invocations=7 (full 0):
 garbage-first heap   total 262144K, used 32608K [0x00000000e0000000, 0x0000000100000000)
  region size 1024K, 9 young (9216K), 9 survivors (9216K)
 Metaspace       used 35232K, committed 36288K, reserved 393216K
  class space    used 4924K, committed 5440K, reserved 327680K
}
Event: 6.276 GC heap before
{Heap before GC invocations=7 (full 0):
 garbage-first heap   total 262144K, used 34656K [0x00000000e0000000, 0x0000000100000000)
  region size 1024K, 13 young (13312K), 9 survivors (9216K)
 Metaspace       used 35565K, committed 36608K, reserved 393216K
  class space    used 4960K, committed 5504K, reserved 327680K
}
Event: 6.284 GC heap after
{Heap after GC invocations=8 (full 0):
 garbage-first heap   total 262144K, used 32420K [0x00000000e0000000, 0x0000000100000000)
  region size 1024K, 9 young (9216K), 9 survivors (9216K)
 Metaspace       used 35565K, committed 36608K, reserved 393216K
  class space    used 4960K, committed 5504K, reserved 327680K
}
Event: 8.695 GC heap before
{Heap before GC invocations=9 (full 0):
 garbage-first heap   total 262144K, used 186020K [0x00000000e0000000, 0x0000000100000000)
  region size 1024K, 153 young (156672K), 9 survivors (9216K)
 Metaspace       used 49389K, committed 51136K, reserved 393216K
  class space    used 6898K, committed 7744K, reserved 327680K
}
Event: 8.710 GC heap after
{Heap after GC invocations=10 (full 0):
 garbage-first heap   total 262144K, used 41721K [0x00000000e0000000, 0x0000000100000000)
  region size 1024K, 18 young (18432K), 18 survivors (18432K)
 Metaspace       used 49389K, committed 51136K, reserved 393216K
  class space    used 6898K, committed 7744K, reserved 327680K
}
Event: 81.198 GC heap before
{Heap before GC invocations=10 (full 0):
 garbage-first heap   total 262144K, used 124665K [0x00000000e0000000, 0x0000000100000000)
  region size 1024K, 101 young (103424K), 18 survivors (18432K)
 Metaspace       used 59495K, committed 61376K, reserved 393216K
  class space    used 8244K, committed 9216K, reserved 327680K
}
Event: 81.215 GC heap after
{Heap after GC invocations=11 (full 0):
 garbage-first heap   total 262144K, used 47849K [0x00000000e0000000, 0x0000000100000000)
  region size 1024K, 17 young (17408K), 17 survivors (17408K)
 Metaspace       used 59495K, committed 61376K, reserved 393216K
  class space    used 8244K, committed 9216K, reserved 327680K
}
Event: 81.293 GC heap before
{Heap before GC invocations=11 (full 0):
 garbage-first heap   total 262144K, used 50921K [0x00000000e0000000, 0x0000000100000000)
  region size 1024K, 21 young (21504K), 17 survivors (17408K)
 Metaspace       used 59826K, committed 61696K, reserved 393216K
  class space    used 8296K, committed 9216K, reserved 327680K
}
Event: 81.302 GC heap after
{Heap after GC invocations=12 (full 0):
 garbage-first heap   total 262144K, used 48474K [0x00000000e0000000, 0x0000000100000000)
  region size 1024K, 8 young (8192K), 8 survivors (8192K)
 Metaspace       used 59826K, committed 61696K, reserved 393216K
  class space    used 8296K, committed 9216K, reserved 327680K
}

